[INFO  - 2019-10-14T03:32:28.404Z] GhostDriver - Main - running on port 14038
[INFO  - 2019-10-14T03:32:28.801Z] Session [3f85b1e0-ee33-11e9-9353-65cf2d55aca5] - page.settings - {"XSSAuditingEnabled":false,"javascriptCanCloseWindows":true,"javascriptCanOpenWindows":true,"javascriptEnabled":true,"loadImages":true,"localToRemoteUrlAccessEnabled":false,"userAgent":"Mozilla/5.0 (Macintosh; Intel Mac OS X) AppleWebKit/538.1 (KHTML, like Gecko) PhantomJS/2.1.1 Safari/538.1","webSecurityEnabled":true}
[INFO  - 2019-10-14T03:32:28.802Z] Session [3f85b1e0-ee33-11e9-9353-65cf2d55aca5] - page.customHeaders:  - {}
[INFO  - 2019-10-14T03:32:28.802Z] Session [3f85b1e0-ee33-11e9-9353-65cf2d55aca5] - Session.negotiatedCapabilities - {"browserName":"phantomjs","version":"2.1.1","driverName":"ghostdriver","driverVersion":"1.2.0","platform":"mac-unknown-64bit","javascriptEnabled":true,"takesScreenshot":true,"handlesAlerts":false,"databaseEnabled":false,"locationContextEnabled":false,"applicationCacheEnabled":false,"browserConnectionEnabled":false,"cssSelectorsEnabled":true,"webStorageEnabled":false,"rotatable":false,"acceptSslCerts":false,"nativeEvents":true,"proxy":{"proxyType":"direct"}}
[INFO  - 2019-10-14T03:32:28.802Z] SessionManagerReqHand - _postNewSessionCommand - New Session Created: 3f85b1e0-ee33-11e9-9353-65cf2d55aca5
[INFO  - 2019-10-14T03:32:31.406Z] ShutdownReqHand - _handle - About to shutdown
[INFO  - 2019-10-14T03:33:38.751Z] GhostDriver - Main - running on port 28660
[INFO  - 2019-10-14T03:33:39.204Z] Session [697c08f0-ee33-11e9-9203-8d2fd6f8d816] - page.settings - {"XSSAuditingEnabled":false,"javascriptCanCloseWindows":true,"javascriptCanOpenWindows":true,"javascriptEnabled":true,"loadImages":true,"localToRemoteUrlAccessEnabled":false,"userAgent":"Mozilla/5.0 (Macintosh; Intel Mac OS X) AppleWebKit/538.1 (KHTML, like Gecko) PhantomJS/2.1.1 Safari/538.1","webSecurityEnabled":true}
[INFO  - 2019-10-14T03:33:39.205Z] Session [697c08f0-ee33-11e9-9203-8d2fd6f8d816] - page.customHeaders:  - {}
[INFO  - 2019-10-14T03:33:39.205Z] Session [697c08f0-ee33-11e9-9203-8d2fd6f8d816] - Session.negotiatedCapabilities - {"browserName":"phantomjs","version":"2.1.1","driverName":"ghostdriver","driverVersion":"1.2.0","platform":"mac-unknown-64bit","javascriptEnabled":true,"takesScreenshot":true,"handlesAlerts":false,"databaseEnabled":false,"locationContextEnabled":false,"applicationCacheEnabled":false,"browserConnectionEnabled":false,"cssSelectorsEnabled":true,"webStorageEnabled":false,"rotatable":false,"acceptSslCerts":false,"nativeEvents":true,"proxy":{"proxyType":"direct"}}
[INFO  - 2019-10-14T03:33:39.205Z] SessionManagerReqHand - _postNewSessionCommand - New Session Created: 697c08f0-ee33-11e9-9203-8d2fd6f8d816
[INFO  - 2019-10-14T03:33:40.539Z] ShutdownReqHand - _handle - About to shutdown
[INFO  - 2019-10-14T03:36:11.495Z] GhostDriver - Main - running on port 15281
[INFO  - 2019-10-14T03:36:11.845Z] Session [c4773400-ee33-11e9-a213-651576b31ce4] - page.settings - {"XSSAuditingEnabled":false,"javascriptCanCloseWindows":true,"javascriptCanOpenWindows":true,"javascriptEnabled":true,"loadImages":true,"localToRemoteUrlAccessEnabled":false,"userAgent":"Mozilla/5.0 (Macintosh; Intel Mac OS X) AppleWebKit/538.1 (KHTML, like Gecko) PhantomJS/2.1.1 Safari/538.1","webSecurityEnabled":true}
[INFO  - 2019-10-14T03:36:11.845Z] Session [c4773400-ee33-11e9-a213-651576b31ce4] - page.customHeaders:  - {}
[INFO  - 2019-10-14T03:36:11.845Z] Session [c4773400-ee33-11e9-a213-651576b31ce4] - Session.negotiatedCapabilities - {"browserName":"phantomjs","version":"2.1.1","driverName":"ghostdriver","driverVersion":"1.2.0","platform":"mac-unknown-64bit","javascriptEnabled":true,"takesScreenshot":true,"handlesAlerts":false,"databaseEnabled":false,"locationContextEnabled":false,"applicationCacheEnabled":false,"browserConnectionEnabled":false,"cssSelectorsEnabled":true,"webStorageEnabled":false,"rotatable":false,"acceptSslCerts":false,"nativeEvents":true,"proxy":{"proxyType":"direct"}}
[INFO  - 2019-10-14T03:36:11.845Z] SessionManagerReqHand - _postNewSessionCommand - New Session Created: c4773400-ee33-11e9-a213-651576b31ce4
[INFO  - 2019-10-14T03:36:14.981Z] ShutdownReqHand - _handle - About to shutdown
[INFO  - 2019-10-14T03:51:18.276Z] GhostDriver - Main - running on port 48630
[INFO  - 2019-10-14T03:51:18.564Z] Session [e0e9b200-ee35-11e9-9f23-a74aeb2bb9cb] - page.settings - {"XSSAuditingEnabled":false,"javascriptCanCloseWindows":true,"javascriptCanOpenWindows":true,"javascriptEnabled":true,"loadImages":true,"localToRemoteUrlAccessEnabled":false,"userAgent":"Mozilla/5.0 (Macintosh; Intel Mac OS X) AppleWebKit/538.1 (KHTML, like Gecko) PhantomJS/2.1.1 Safari/538.1","webSecurityEnabled":true}
[INFO  - 2019-10-14T03:51:18.564Z] Session [e0e9b200-ee35-11e9-9f23-a74aeb2bb9cb] - page.customHeaders:  - {}
[INFO  - 2019-10-14T03:51:18.564Z] Session [e0e9b200-ee35-11e9-9f23-a74aeb2bb9cb] - Session.negotiatedCapabilities - {"browserName":"phantomjs","version":"2.1.1","driverName":"ghostdriver","driverVersion":"1.2.0","platform":"mac-unknown-64bit","javascriptEnabled":true,"takesScreenshot":true,"handlesAlerts":false,"databaseEnabled":false,"locationContextEnabled":false,"applicationCacheEnabled":false,"browserConnectionEnabled":false,"cssSelectorsEnabled":true,"webStorageEnabled":false,"rotatable":false,"acceptSslCerts":false,"nativeEvents":true,"proxy":{"proxyType":"direct"}}
[INFO  - 2019-10-14T03:51:18.564Z] SessionManagerReqHand - _postNewSessionCommand - New Session Created: e0e9b200-ee35-11e9-9f23-a74aeb2bb9cb
[INFO  - 2019-10-14T03:51:20.857Z] ShutdownReqHand - _handle - About to shutdown
